p/Yes373.jpg 1 0 0 200 200
p/Yes371.jpg 1 0 0 200 200
p/Yes369.jpg 1 0 0 200 200
p/Yes367.jpg 1 0 0 200 200
p/Yes365.jpg 1 0 0 200 200
p/Yes363.jpg 1 0 0 200 200
p/Yes361.jpg 1 0 0 200 200
p/Yes359.jpg 1 0 0 200 200
p/Yes357.jpg 1 0 0 200 200
p/Yes355.jpg 1 0 0 200 200
p/Yes353.jpg 1 0 0 200 200
p/Yes351.jpg 1 0 0 200 200
p/Yes349.jpg 1 0 0 200 200
p/Yes347.jpg 1 0 0 200 200
p/Yes345.jpg 1 0 0 200 200
p/Yes343.jpg 1 0 0 200 200
p/Yes341.jpg 1 0 0 200 200
p/Yes339.jpg 1 0 0 200 200
p/Yes337.jpg 1 0 0 200 200
p/Yes335.jpg 1 0 0 200 200
p/Yes333.jpg 1 0 0 200 200
p/Yes331.jpg 1 0 0 200 200
p/Yes329.jpg 1 0 0 200 200
p/Yes327.jpg 1 0 0 200 200
p/Yes325.jpg 1 0 0 200 200
p/Yes323.jpg 1 0 0 200 200
p/Yes321.jpg 1 0 0 200 200
p/Yes319.jpg 1 0 0 200 200
p/Yes317.jpg 1 0 0 200 200
p/Yes315.jpg 1 0 0 200 200
p/Yes313.jpg 1 0 0 200 200
p/Yes311.jpg 1 0 0 200 200
p/Yes309.jpg 1 0 0 200 200
p/Yes307.jpg 1 0 0 200 200
p/Yes305.jpg 1 0 0 200 200
p/Yes303.jpg 1 0 0 200 200
p/Yes301.jpg 1 0 0 200 200
p/Yes299.jpg 1 0 0 200 200
p/Yes297.jpg 1 0 0 200 200
p/Yes295.jpg 1 0 0 200 200
p/Yes293.jpg 1 0 0 200 200
p/Yes291.jpg 1 0 0 200 200
p/Yes289.jpg 1 0 0 200 200
p/Yes287.jpg 1 0 0 200 200
p/Yes285.jpg 1 0 0 200 200
p/Yes283.jpg 1 0 0 200 200
p/Yes281.jpg 1 0 0 200 200
p/Yes279.jpg 1 0 0 200 200
p/Yes277.jpg 1 0 0 200 200
p/Yes275.jpg 1 0 0 200 200
p/Yes273.jpg 1 0 0 200 200
p/Yes271.jpg 1 0 0 200 200
p/Yes269.jpg 1 0 0 200 200
p/Yes267.jpg 1 0 0 200 200
p/Yes265.jpg 1 0 0 200 200
p/Yes263.jpg 1 0 0 200 200
p/Yes261.jpg 1 0 0 200 200
p/Yes259.jpg 1 0 0 200 200
p/Yes257.jpg 1 0 0 200 200
p/Yes255.jpg 1 0 0 200 200
p/Yes253.jpg 1 0 0 200 200
p/Yes251.jpg 1 0 0 200 200
p/Yes249.jpg 1 0 0 200 200
p/Yes247.jpg 1 0 0 200 200
p/Yes245.jpg 1 0 0 200 200
p/Yes243.jpg 1 0 0 200 200
p/Yes241.jpg 1 0 0 200 200
p/Yes239.jpg 1 0 0 200 200
p/Yes237.jpg 1 0 0 200 200
p/Yes235.jpg 1 0 0 200 200
p/Yes233.jpg 1 0 0 200 200
p/Yes231.jpg 1 0 0 200 200
p/Yes229.jpg 1 0 0 200 200
p/Yes227.jpg 1 0 0 200 200
p/Yes225.jpg 1 0 0 200 200
p/Yes223.jpg 1 0 0 200 200
p/Yes221.jpg 1 0 0 200 200
p/Yes219.jpg 1 0 0 200 200
p/Yes217.jpg 1 0 0 200 200
p/Yes215.jpg 1 0 0 200 200
p/Yes213.jpg 1 0 0 200 200
p/Yes211.jpg 1 0 0 200 200
p/Yes209.jpg 1 0 0 200 200
p/Yes207.jpg 1 0 0 200 200
p/Yes205.jpg 1 0 0 200 200
p/Yes203.jpg 1 0 0 200 200
p/Yes201.jpg 1 0 0 200 200
p/Yes199.jpg 1 0 0 200 200
p/Yes197.jpg 1 0 0 200 200
p/Yes195.jpg 1 0 0 200 200
p/Yes193.jpg 1 0 0 200 200
p/Yes191.jpg 1 0 0 200 200
p/Yes189.jpg 1 0 0 200 200
p/Yes187.jpg 1 0 0 200 200
p/Yes185.jpg 1 0 0 200 200
p/Yes183.jpg 1 0 0 200 200
p/Yes181.jpg 1 0 0 200 200
p/Yes179.jpg 1 0 0 200 200
p/Yes177.jpg 1 0 0 200 200
p/Yes175.jpg 1 0 0 200 200
p/Yes173.jpg 1 0 0 200 200
p/Yes171.jpg 1 0 0 200 200
p/Yes169.jpg 1 0 0 200 200
p/Yes167.jpg 1 0 0 200 200
p/Yes165.jpg 1 0 0 200 200
p/Yes163.jpg 1 0 0 200 200
p/Yes161.jpg 1 0 0 200 200
p/Yes159.jpg 1 0 0 200 200
p/Yes157.jpg 1 0 0 200 200
p/Yes155.jpg 1 0 0 200 200
p/Yes153.jpg 1 0 0 200 200
p/Yes151.jpg 1 0 0 200 200
p/Yes149.jpg 1 0 0 200 200
p/Yes147.jpg 1 0 0 200 200
p/Yes145.jpg 1 0 0 200 200
p/Yes143.jpg 1 0 0 200 200
p/Yes141.jpg 1 0 0 200 200
p/Yes139.jpg 1 0 0 200 200
p/Yes137.jpg 1 0 0 200 200
p/Yes135.jpg 1 0 0 200 200
p/Yes133.jpg 1 0 0 200 200
p/Yes131.jpg 1 0 0 200 200
p/Yes129.jpg 1 0 0 200 200
p/Yes127.jpg 1 0 0 200 200
p/Yes125.jpg 1 0 0 200 200
p/Yes123.jpg 1 0 0 200 200
p/Yes121.jpg 1 0 0 200 200
p/Yes119.jpg 1 0 0 200 200
p/Yes117.jpg 1 0 0 200 200
p/Yes115.jpg 1 0 0 200 200
p/Yes113.jpg 1 0 0 200 200
p/Yes111.jpg 1 0 0 200 200
p/Yes109.jpg 1 0 0 200 200
p/Yes107.jpg 1 0 0 200 200
p/Yes105.jpg 1 0 0 200 200
p/Yes103.jpg 1 0 0 200 200
p/Yes101.jpg 1 0 0 200 200
p/Yes99.jpg 1 0 0 200 200
p/Yes97.jpg 1 0 0 200 200
p/Yes95.jpg 1 0 0 200 200
p/Yes93.jpg 1 0 0 200 200
p/Yes91.jpg 1 0 0 200 200
p/Yes89.jpg 1 0 0 200 200
p/Yes87.jpg 1 0 0 200 200
p/Yes85.jpg 1 0 0 200 200
p/Yes83.jpg 1 0 0 200 200
p/Yes81.jpg 1 0 0 200 200
p/Yes79.jpg 1 0 0 200 200
p/Yes77.jpg 1 0 0 200 200
p/Yes75.jpg 1 0 0 200 200
p/Yes73.jpg 1 0 0 200 200
p/Yes71.jpg 1 0 0 200 200
p/Yes69.jpg 1 0 0 200 200
p/Yes67.jpg 1 0 0 200 200
p/Yes65.jpg 1 0 0 200 200
p/Yes63.jpg 1 0 0 200 200
p/Yes61.jpg 1 0 0 200 200
p/Yes59.jpg 1 0 0 200 200
p/Yes57.jpg 1 0 0 200 200
p/Yes55.jpg 1 0 0 200 200
p/Yes53.jpg 1 0 0 200 200
p/Yes51.jpg 1 0 0 200 200
p/Yes49.jpg 1 0 0 200 200
p/Yes47.jpg 1 0 0 200 200
p/Yes45.jpg 1 0 0 200 200
p/Yes43.jpg 1 0 0 200 200
p/Yes41.jpg 1 0 0 200 200
p/Yes39.jpg 1 0 0 200 200
p/Yes37.jpg 1 0 0 200 200
p/Yes35.jpg 1 0 0 200 200
p/Yes33.jpg 1 0 0 200 200
p/Yes31.jpg 1 0 0 200 200
p/Yes29.jpg 1 0 0 200 200
p/Yes27.jpg 1 0 0 200 200
p/Yes25.jpg 1 0 0 200 200
p/Yes23.jpg 1 0 0 200 200
p/Yes21.jpg 1 0 0 200 200
p/Yes19.jpg 1 0 0 200 200
p/Yes17.jpg 1 0 0 200 200
p/Yes15.jpg 1 0 0 200 200
p/Yes13.jpg 1 0 0 200 200
p/Yes11.jpg 1 0 0 200 200
p/Yes9.jpg 1 0 0 200 200
p/Yes7.jpg 1 0 0 200 200
p/Yes5.jpg 1 0 0 200 200
p/Yes3.jpg 1 0 0 200 200
p/Yes1.jpg 1 0 0 200 200
p/Yes372.jpg 1 0 0 285 177
p/Yes370.jpg 1 0 0 284 177
p/Yes368.jpg 1 0 0 286 176
p/Yes366.jpg 1 0 0 275 183
p/Yes364.jpg 1 0 0 284 177
p/Yes362.jpg 1 0 0 259 194
p/Yes360.jpg 1 0 0 301 167
p/Yes358.jpg 1 0 0 256 197
p/Yes356.jpg 1 0 0 293 172
p/Yes354.jpg 1 0 0 280 180
p/Yes350.jpg 1 0 0 275 183
p/Yes348.jpg 1 0 0 280 180
p/Yes346.jpg 1 0 0 275 183
p/Yes344.jpg 1 0 0 310 163
p/Yes342.jpg 1 0 0 301 167
p/Yes340.jpg 1 0 0 259 194
p/Yes338.jpg 1 0 0 256 197
p/Yes336.jpg 1 0 0 261 193
p/Yes334.jpg 1 0 0 275 183
p/Yes332.jpg 1 0 0 214 152
p/Yes328.jpg 1 0 0 204 247
p/Yes326.jpg 1 0 0 307 164
p/Yes324.jpg 1 0 0 262 192
p/Yes322.jpg 1 0 0 250 202
p/Yes320.jpg 1 0 0 259 194
p/Yes318.jpg 1 0 0 259 194
p/Yes316.jpg 1 0 0 183 275
p/Yes314.jpg 1 0 0 286 176
p/Yes312.jpg 1 0 0 267 189
p/Yes310.jpg 1 0 0 426 118
p/Yes306.jpg 1 0 0 225 225
p/Yes304.jpg 1 0 0 275 183
p/Yes302.jpg 1 0 0 284 177
p/Yes300.jpg 1 0 0 318 159
p/Yes298.jpg 1 0 0 183 275
p/Yes296.jpg 1 0 0 275 183
p/Yes294.jpg 1 0 0 310 163
p/Yes292.jpg 1 0 0 264 191
p/Yes290.jpg 1 0 0 251 201
p/Yes288.jpg 1 0 0 256 197
p/Yes284.jpg 1 0 0 303 166
p/Yes282.jpg 1 0 0 220 146
p/Yes280.jpg 1 0 0 266 189
p/Yes278.jpg 1 0 0 247 204
p/Yes276.jpg 1 0 0 214 152
p/Yes274.jpg 1 0 0 303 167
p/Yes272.jpg 1 0 0 194 259
p/Yes270.jpg 1 0 0 263 192
p/Yes268.jpg 1 0 0 288 175
p/Yes266.jpg 1 0 0 301 167
p/Yes262.jpg 1 0 0 275 183
p/Yes260.jpg 1 0 0 250 201
p/Yes258.jpg 1 0 0 304 166
p/Yes256.jpg 1 0 0 261 193
p/Yes254.jpg 1 0 0 300 168
p/Yes252.jpg 1 0 0 281 179
p/Yes250.jpg 1 0 0 275 183
p/Yes248.jpg 1 0 0 250 202
p/Yes246.jpg 1 0 0 272 185
p/Yes244.jpg 1 0 0 179 148
p/Yes240.jpg 1 0 0 310 163
p/Yes238.jpg 1 0 0 300 168
p/Yes236.jpg 1 0 0 300 168
p/Yes234.jpg 1 0 0 300 168
p/Yes232.jpg 1 0 0 259 194
p/Yes230.jpg 1 0 0 308 164
p/Yes228.jpg 1 0 0 271 186
p/Yes226.jpg 1 0 0 194 259
p/Yes224.jpg 1 0 0 262 192
p/Yes222.jpg 1 0 0 275 183
p/Yes216.jpg 1 0 0 300 168
p/Yes214.jpg 1 0 0 275 183
p/Yes212.jpg 1 0 0 275 183
p/Yes210.jpg 1 0 0 298 169
p/Yes208.jpg 1 0 0 318 159
p/Yes206.jpg 1 0 0 301 167
p/Yes204.jpg 1 0 0 318 159
p/Yes202.jpg 1 0 0 289 174
p/Yes200.jpg 1 0 0 300 168
p/Yes198.jpg 1 0 0 284 177
p/Yes194.jpg 1 0 0 259 194
p/Yes192.jpg 1 0 0 311 162
p/Yes190.jpg 1 0 0 275 183
p/Yes188.jpg 1 0 0 251 201
p/Yes186.jpg 1 0 0 275 183
p/Yes184.jpg 1 0 0 259 194
p/Yes182.jpg 1 0 0 287 175
p/Yes180.jpg 1 0 0 313 161
p/Yes178.jpg 1 0 0 275 183
p/Yes176.jpg 1 0 0 267 189
p/Yes172.jpg 1 0 0 275 183
p/Yes170.jpg 1 0 0 225 225
p/Yes168.jpg 1 0 0 275 183
p/Yes166.jpg 1 0 0 275 183
p/Yes164.jpg 1 0 0 254 198
p/Yes162.jpg 1 0 0 299 168
p/Y172.jpg 1 0 0 290 174
p/Yes160.jpg 1 0 0 201 251
p/Yes158.jpg 1 0 0 275 183
p/Yes154.jpg 1 0 0 250 202
p/Yes152.jpg 1 0 0 300 168
p/Yes150.jpg 1 0 0 275 183
p/Yes148.jpg 1 0 0 268 188
p/Yes146.jpg 1 0 0 259 194
p/Yes144.jpg 1 0 0 210 180
p/Yes142.jpg 1 0 0 259 194
p/Yes140.jpg 1 0 0 301 167
p/Yes138.jpg 1 0 0 262 192
p/Yes134.jpg 1 0 0 275 183
p/Yes132.jpg 1 0 0 273 185
p/Yes130.jpg 1 0 0 183 275
p/Yes128.jpg 1 0 0 401 125
p/Yes126.jpg 1 0 0 300 168
p/Yes124.jpg 1 0 0 269 187
p/Yes122.jpg 1 0 0 291 173
p/Yes120.jpg 1 0 0 272 185
p/Yes118.jpg 1 0 0 262 193
p/Yes116.jpg 1 0 0 275 183
p/Yes112.jpg 1 0 0 210 180
p/Yes110.jpg 1 0 0 306 165
p/Yes108.jpg 1 0 0 280 180
p/Yes106.jpg 1 0 0 250 202
p/Yes104.jpg 1 0 0 180 280
p/Yes102.jpg 1 0 0 275 183
p/Yes100.jpg 1 0 0 284 178
p/Yes98.jpg 1 0 0 307 164
p/Yes96.jpg 1 0 0 277 182
p/Yes94.jpg 1 0 0 258 195
p/Yes90.jpg 1 0 0 318 159
p/Yes88.jpg 1 0 0 299 168
p/Yes86.jpg 1 0 0 284 177
p/Yes84.jpg 1 0 0 275 183
p/Yes82.jpg 1 0 0 262 192
p/Yes80.jpg 1 0 0 260 194
p/Yes78.jpg 1 0 0 225 225
p/Yes76.jpg 1 0 0 301 167
p/Yes74.jpg 1 0 0 274 184
p/Yes72.jpg 1 0 0 193 262
p/Yes68.jpg 1 0 0 259 194
p/Yes66.jpg 1 0 0 250 173
p/Yes64.jpg 1 0 0 274 184
p/Yes62.jpg 1 0 0 300 168
p/Yes60.jpg 1 0 0 241 186
p/Yes58.jpg 1 0 0 66 50
p/Yes56.jpg 1 0 0 259 194
p/Yes54.jpg 1 0 0 326 154
p/Yes52.jpg 1 0 0 299 168
p/Yes50.jpg 1 0 0 194 259
p/Yes46.jpg 1 0 0 200 200
p/Yes44.jpg 1 0 0 259 194
p/Yes42.jpg 1 0 0 266 190
p/Yes40.jpg 1 0 0 313 161
p/Yes38.jpg 1 0 0 284 177
p/Yes36.jpg 1 0 0 299 168
p/Yes34.jpg 1 0 0 216 233
p/Yes32.jpg 1 0 0 300 168
p/Yes30.jpg 1 0 0 259 194
p/Yes28.jpg 1 0 0 279 181
p/Yes24.jpg 1 0 0 289 175
p/Yes22.jpg 1 0 0 262 192
p/Yes20.jpg 1 0 0 299 168
p/Yes18.jpg 1 0 0 298 169
p/Yes16.jpg 1 0 0 206 245
p/Yes14.jpg 1 0 0 259 194
p/Yes12.jpg 1 0 0 274 184
p/Yes10.jpg 1 0 0 291 173
p/Yes8.jpg 1 0 0 300 168
p/Yes6.jpg 1 0 0 268 188
p/Yes352.jpg 1 0 0 284 177
p/Yes330.jpg 1 0 0 300 168
p/Yes308.jpg 1 0 0 318 159
p/Yes286.jpg 1 0 0 265 190
p/Yes264.jpg 1 0 0 225 225
p/Yes242.jpg 1 0 0 262 192
p/Yes220.jpg 1 0 0 268 188
p/Yes196.jpg 1 0 0 287 176
p/Yes174.jpg 1 0 0 260 194
p/Yes156.jpg 1 0 0 270 187
p/Yes136.jpg 1 0 0 318 159
p/Yes114.jpg 1 0 0 259 194
p/Yes92.jpg 1 0 0 301 167
p/Yes70.jpg 1 0 0 261 193
p/Yes48.jpg 1 0 0 259 194
p/Yes26.jpg 1 0 0 259 194
p/Yes4.jpg 1 0 0 318 159
p/Yes218.jpg 1 0 0 320 157
p/Yes2.jpg 1 0 0 194 259